Running: C:\Users\JUNIOR\Desktop\14.7\ISE_DS\ISE\bin\nt\unwrapped\fuse.exe -intstyle ise -incremental -o D:/Desktop/procesador 2 final alejandra/procesador 2 aleja/procesador_aleja/PSRModifier_tb_isim_beh.exe -prj D:/Desktop/procesador 2 final alejandra/procesador 2 aleja/procesador_aleja/PSRModifier_tb_beh.prj work.PSRModifier_tb 
ISim P.20131013 (signature 0x8ef4fb42)
Number of CPUs detected in this system: 2
Turning on mult-threading, number of parallel sub-compilation jobs: 4 
Determining compilation order of HDL files
Parsing VHDL file "D:/Desktop/procesador 2 final alejandra/procesador 2 aleja/procesador_aleja/psr_modifier.vhd" into library work
Parsing VHDL file "D:/Desktop/procesador 2 final alejandra/procesador 2 aleja/procesador_aleja/test_psrmodifier.vhd" into library work
Starting static elaboration
Completed static elaboration
Fuse Memory Usage: 102056 KB
Fuse CPU Usage: 1138 ms
Compiling package standard
Compiling package std_logic_1164
Compiling architecture behavioral of entity PSRModifier [psrmodifier_default]
Compiling architecture behavior of entity psrmodifier_tb
Time Resolution for simulation is 1ps.
Waiting for 1 sub-compilation(s) to finish...
Compiled 5 VHDL Units
Built simulation executable D:/Desktop/procesador 2 final alejandra/procesador 2 aleja/procesador_aleja/PSRModifier_tb_isim_beh.exe
Fuse Memory Usage: 111000 KB
Fuse CPU Usage: 1231 ms
